  Camera.cpp
  DirectionalLight.cpp
D:\Videos\Courses\[FreeCourseLab.com] Udemy - Computer Graphics with Modern OpenGL and C++\4. Intermediate\10.3 OpenGLCourseApp_Model.zip\OpenGLCourseApp\OpenGLCourseApp\DirectionalLight.cpp(18,14): warning C4244: 'argument': conversion from 'GLfloat' to 'GLint', possible loss of data
D:\Videos\Courses\[FreeCourseLab.com] Udemy - Computer Graphics with Modern OpenGL and C++\4. Intermediate\10.3 OpenGLCourseApp_Model.zip\OpenGLCourseApp\OpenGLCourseApp\DirectionalLight.cpp(19,14): warning C4244: 'argument': conversion from 'GLfloat' to 'GLint', possible loss of data
D:\Videos\Courses\[FreeCourseLab.com] Udemy - Computer Graphics with Modern OpenGL and C++\4. Intermediate\10.3 OpenGLCourseApp_Model.zip\OpenGLCourseApp\OpenGLCourseApp\DirectionalLight.cpp(21,14): warning C4244: 'argument': conversion from 'GLfloat' to 'GLint', possible loss of data
D:\Videos\Courses\[FreeCourseLab.com] Udemy - Computer Graphics with Modern OpenGL and C++\4. Intermediate\10.3 OpenGLCourseApp_Model.zip\OpenGLCourseApp\OpenGLCourseApp\DirectionalLight.cpp(22,14): warning C4244: 'argument': conversion from 'GLfloat' to 'GLint', possible loss of data
  Light.cpp
  main.cpp
D:\Videos\Courses\[FreeCourseLab.com] Udemy - Computer Graphics with Modern OpenGL and C++\4. Intermediate\10.3 OpenGLCourseApp_Model.zip\OpenGLCourseApp\OpenGLCourseApp\main.cpp(80,52): warning C4267: 'initializing': conversion from 'size_t' to 'unsigned int', possible loss of data
D:\Videos\Courses\[FreeCourseLab.com] Udemy - Computer Graphics with Modern OpenGL and C++\4. Intermediate\10.3 OpenGLCourseApp_Model.zip\OpenGLCourseApp\OpenGLCourseApp\main.cpp(203,15): warning C4244: 'initializing': conversion from 'double' to 'GLfloat', possible loss of data
  Material.cpp
  Mesh.cpp
  Model.cpp
D:\Videos\Courses\[FreeCourseLab.com] Udemy - Computer Graphics with Modern OpenGL and C++\4. Intermediate\10.3 OpenGLCourseApp_Model.zip\OpenGLCourseApp\OpenGLCourseApp\Model.cpp(29,10): warning C4477: 'printf' : format string '%s' requires an argument of type 'char *', but variadic argument 1 has type 'const std::string'
D:\Videos\Courses\[FreeCourseLab.com] Udemy - Computer Graphics with Modern OpenGL and C++\4. Intermediate\10.3 OpenGLCourseApp_Model.zip\OpenGLCourseApp\OpenGLCourseApp\Model.cpp(79,80): warning C4267: 'argument': conversion from 'size_t' to 'unsigned int', possible loss of data
D:\Videos\Courses\[FreeCourseLab.com] Udemy - Computer Graphics with Modern OpenGL and C++\4. Intermediate\10.3 OpenGLCourseApp_Model.zip\OpenGLCourseApp\OpenGLCourseApp\Model.cpp(99,49): warning C4267: 'initializing': conversion from 'size_t' to 'int', possible loss of data
D:\Videos\Courses\[FreeCourseLab.com] Udemy - Computer Graphics with Modern OpenGL and C++\4. Intermediate\10.3 OpenGLCourseApp_Model.zip\OpenGLCourseApp\OpenGLCourseApp\Model.cpp(108,13): warning C4477: 'printf' : format string '%s' requires an argument of type 'char *', but variadic argument 1 has type 'std::string'
  PointLight.cpp
  Shader.cpp
D:\Videos\Courses\[FreeCourseLab.com] Udemy - Computer Graphics with Modern OpenGL and C++\4. Intermediate\10.3 OpenGLCourseApp_Model.zip\OpenGLCourseApp\OpenGLCourseApp\Shader.cpp(100,38): warning C4477: 'snprintf' : format string '%d' requires an argument of type 'int', but variadic argument 1 has type 'size_t'
D:\Videos\Courses\[FreeCourseLab.com] Udemy - Computer Graphics with Modern OpenGL and C++\4. Intermediate\10.3 OpenGLCourseApp_Model.zip\OpenGLCourseApp\OpenGLCourseApp\Shader.cpp(100,38): message : consider using '%zd' in the format string
D:\Videos\Courses\[FreeCourseLab.com] Udemy - Computer Graphics with Modern OpenGL and C++\4. Intermediate\10.3 OpenGLCourseApp_Model.zip\OpenGLCourseApp\OpenGLCourseApp\Shader.cpp(103,38): warning C4477: 'snprintf' : format string '%d' requires an argument of type 'int', but variadic argument 1 has type 'size_t'
D:\Videos\Courses\[FreeCourseLab.com] Udemy - Computer Graphics with Modern OpenGL and C++\4. Intermediate\10.3 OpenGLCourseApp_Model.zip\OpenGLCourseApp\OpenGLCourseApp\Shader.cpp(103,38): message : consider using '%zd' in the format string
D:\Videos\Courses\[FreeCourseLab.com] Udemy - Computer Graphics with Modern OpenGL and C++\4. Intermediate\10.3 OpenGLCourseApp_Model.zip\OpenGLCourseApp\OpenGLCourseApp\Shader.cpp(106,38): warning C4477: 'snprintf' : format string '%d' requires an argument of type 'int', but variadic argument 1 has type 'size_t'
D:\Videos\Courses\[FreeCourseLab.com] Udemy - Computer Graphics with Modern OpenGL and C++\4. Intermediate\10.3 OpenGLCourseApp_Model.zip\OpenGLCourseApp\OpenGLCourseApp\Shader.cpp(106,38): message : consider using '%zd' in the format string
D:\Videos\Courses\[FreeCourseLab.com] Udemy - Computer Graphics with Modern OpenGL and C++\4. Intermediate\10.3 OpenGLCourseApp_Model.zip\OpenGLCourseApp\OpenGLCourseApp\Shader.cpp(109,38): warning C4477: 'snprintf' : format string '%d' requires an argument of type 'int', but variadic argument 1 has type 'size_t'
D:\Videos\Courses\[FreeCourseLab.com] Udemy - Computer Graphics with Modern OpenGL and C++\4. Intermediate\10.3 OpenGLCourseApp_Model.zip\OpenGLCourseApp\OpenGLCourseApp\Shader.cpp(109,38): message : consider using '%zd' in the format string
D:\Videos\Courses\[FreeCourseLab.com] Udemy - Computer Graphics with Modern OpenGL and C++\4. Intermediate\10.3 OpenGLCourseApp_Model.zip\OpenGLCourseApp\OpenGLCourseApp\Shader.cpp(112,38): warning C4477: 'snprintf' : format string '%d' requires an argument of type 'int', but variadic argument 1 has type 'size_t'
D:\Videos\Courses\[FreeCourseLab.com] Udemy - Computer Graphics with Modern OpenGL and C++\4. Intermediate\10.3 OpenGLCourseApp_Model.zip\OpenGLCourseApp\OpenGLCourseApp\Shader.cpp(112,38): message : consider using '%zd' in the format string
D:\Videos\Courses\[FreeCourseLab.com] Udemy - Computer Graphics with Modern OpenGL and C++\4. Intermediate\10.3 OpenGLCourseApp_Model.zip\OpenGLCourseApp\OpenGLCourseApp\Shader.cpp(115,38): warning C4477: 'snprintf' : format string '%d' requires an argument of type 'int', but variadic argument 1 has type 'size_t'
D:\Videos\Courses\[FreeCourseLab.com] Udemy - Computer Graphics with Modern OpenGL and C++\4. Intermediate\10.3 OpenGLCourseApp_Model.zip\OpenGLCourseApp\OpenGLCourseApp\Shader.cpp(115,38): message : consider using '%zd' in the format string
D:\Videos\Courses\[FreeCourseLab.com] Udemy - Computer Graphics with Modern OpenGL and C++\4. Intermediate\10.3 OpenGLCourseApp_Model.zip\OpenGLCourseApp\OpenGLCourseApp\Shader.cpp(118,38): warning C4477: 'snprintf' : format string '%d' requires an argument of type 'int', but variadic argument 1 has type 'size_t'
D:\Videos\Courses\[FreeCourseLab.com] Udemy - Computer Graphics with Modern OpenGL and C++\4. Intermediate\10.3 OpenGLCourseApp_Model.zip\OpenGLCourseApp\OpenGLCourseApp\Shader.cpp(118,38): message : consider using '%zd' in the format string
D:\Videos\Courses\[FreeCourseLab.com] Udemy - Computer Graphics with Modern OpenGL and C++\4. Intermediate\10.3 OpenGLCourseApp_Model.zip\OpenGLCourseApp\OpenGLCourseApp\Shader.cpp(128,38): warning C4477: 'snprintf' : format string '%d' requires an argument of type 'int', but variadic argument 1 has type 'size_t'
D:\Videos\Courses\[FreeCourseLab.com] Udemy - Computer Graphics with Modern OpenGL and C++\4. Intermediate\10.3 OpenGLCourseApp_Model.zip\OpenGLCourseApp\OpenGLCourseApp\Shader.cpp(128,38): message : consider using '%zd' in the format string
D:\Videos\Courses\[FreeCourseLab.com] Udemy - Computer Graphics with Modern OpenGL and C++\4. Intermediate\10.3 OpenGLCourseApp_Model.zip\OpenGLCourseApp\OpenGLCourseApp\Shader.cpp(131,38): warning C4477: 'snprintf' : format string '%d' requires an argument of type 'int', but variadic argument 1 has type 'size_t'
D:\Videos\Courses\[FreeCourseLab.com] Udemy - Computer Graphics with Modern OpenGL and C++\4. Intermediate\10.3 OpenGLCourseApp_Model.zip\OpenGLCourseApp\OpenGLCourseApp\Shader.cpp(131,38): message : consider using '%zd' in the format string
D:\Videos\Courses\[FreeCourseLab.com] Udemy - Computer Graphics with Modern OpenGL and C++\4. Intermediate\10.3 OpenGLCourseApp_Model.zip\OpenGLCourseApp\OpenGLCourseApp\Shader.cpp(134,38): warning C4477: 'snprintf' : format string '%d' requires an argument of type 'int', but variadic argument 1 has type 'size_t'
D:\Videos\Courses\[FreeCourseLab.com] Udemy - Computer Graphics with Modern OpenGL and C++\4. Intermediate\10.3 OpenGLCourseApp_Model.zip\OpenGLCourseApp\OpenGLCourseApp\Shader.cpp(134,38): message : consider using '%zd' in the format string
D:\Videos\Courses\[FreeCourseLab.com] Udemy - Computer Graphics with Modern OpenGL and C++\4. Intermediate\10.3 OpenGLCourseApp_Model.zip\OpenGLCourseApp\OpenGLCourseApp\Shader.cpp(137,38): warning C4477: 'snprintf' : format string '%d' requires an argument of type 'int', but variadic argument 1 has type 'size_t'
D:\Videos\Courses\[FreeCourseLab.com] Udemy - Computer Graphics with Modern OpenGL and C++\4. Intermediate\10.3 OpenGLCourseApp_Model.zip\OpenGLCourseApp\OpenGLCourseApp\Shader.cpp(137,38): message : consider using '%zd' in the format string
D:\Videos\Courses\[FreeCourseLab.com] Udemy - Computer Graphics with Modern OpenGL and C++\4. Intermediate\10.3 OpenGLCourseApp_Model.zip\OpenGLCourseApp\OpenGLCourseApp\Shader.cpp(140,38): warning C4477: 'snprintf' : format string '%d' requires an argument of type 'int', but variadic argument 1 has type 'size_t'
D:\Videos\Courses\[FreeCourseLab.com] Udemy - Computer Graphics with Modern OpenGL and C++\4. Intermediate\10.3 OpenGLCourseApp_Model.zip\OpenGLCourseApp\OpenGLCourseApp\Shader.cpp(140,38): message : consider using '%zd' in the format string
D:\Videos\Courses\[FreeCourseLab.com] Udemy - Computer Graphics with Modern OpenGL and C++\4. Intermediate\10.3 OpenGLCourseApp_Model.zip\OpenGLCourseApp\OpenGLCourseApp\Shader.cpp(143,38): warning C4477: 'snprintf' : format string '%d' requires an argument of type 'int', but variadic argument 1 has type 'size_t'
D:\Videos\Courses\[FreeCourseLab.com] Udemy - Computer Graphics with Modern OpenGL and C++\4. Intermediate\10.3 OpenGLCourseApp_Model.zip\OpenGLCourseApp\OpenGLCourseApp\Shader.cpp(143,38): message : consider using '%zd' in the format string
D:\Videos\Courses\[FreeCourseLab.com] Udemy - Computer Graphics with Modern OpenGL and C++\4. Intermediate\10.3 OpenGLCourseApp_Model.zip\OpenGLCourseApp\OpenGLCourseApp\Shader.cpp(146,38): warning C4477: 'snprintf' : format string '%d' requires an argument of type 'int', but variadic argument 1 has type 'size_t'
D:\Videos\Courses\[FreeCourseLab.com] Udemy - Computer Graphics with Modern OpenGL and C++\4. Intermediate\10.3 OpenGLCourseApp_Model.zip\OpenGLCourseApp\OpenGLCourseApp\Shader.cpp(146,38): message : consider using '%zd' in the format string
D:\Videos\Courses\[FreeCourseLab.com] Udemy - Computer Graphics with Modern OpenGL and C++\4. Intermediate\10.3 OpenGLCourseApp_Model.zip\OpenGLCourseApp\OpenGLCourseApp\Shader.cpp(149,38): warning C4477: 'snprintf' : format string '%d' requires an argument of type 'int', but variadic argument 1 has type 'size_t'
D:\Videos\Courses\[FreeCourseLab.com] Udemy - Computer Graphics with Modern OpenGL and C++\4. Intermediate\10.3 OpenGLCourseApp_Model.zip\OpenGLCourseApp\OpenGLCourseApp\Shader.cpp(149,38): message : consider using '%zd' in the format string
D:\Videos\Courses\[FreeCourseLab.com] Udemy - Computer Graphics with Modern OpenGL and C++\4. Intermediate\10.3 OpenGLCourseApp_Model.zip\OpenGLCourseApp\OpenGLCourseApp\Shader.cpp(152,38): warning C4477: 'snprintf' : format string '%d' requires an argument of type 'int', but variadic argument 1 has type 'size_t'
D:\Videos\Courses\[FreeCourseLab.com] Udemy - Computer Graphics with Modern OpenGL and C++\4. Intermediate\10.3 OpenGLCourseApp_Model.zip\OpenGLCourseApp\OpenGLCourseApp\Shader.cpp(152,38): message : consider using '%zd' in the format string
D:\Videos\Courses\[FreeCourseLab.com] Udemy - Computer Graphics with Modern OpenGL and C++\4. Intermediate\10.3 OpenGLCourseApp_Model.zip\OpenGLCourseApp\OpenGLCourseApp\Shader.cpp(201,75): warning C4244: 'argument': conversion from 'GLuint' to 'GLfloat', possible loss of data
D:\Videos\Courses\[FreeCourseLab.com] Udemy - Computer Graphics with Modern OpenGL and C++\4. Intermediate\10.3 OpenGLCourseApp_Model.zip\OpenGLCourseApp\OpenGLCourseApp\Shader.cpp(201,26): warning C4244: 'argument': conversion from 'GLuint' to 'GLfloat', possible loss of data
D:\Videos\Courses\[FreeCourseLab.com] Udemy - Computer Graphics with Modern OpenGL and C++\4. Intermediate\10.3 OpenGLCourseApp_Model.zip\OpenGLCourseApp\OpenGLCourseApp\Shader.cpp(200,91): warning C4244: 'argument': conversion from 'GLuint' to 'GLfloat', possible loss of data
D:\Videos\Courses\[FreeCourseLab.com] Udemy - Computer Graphics with Modern OpenGL and C++\4. Intermediate\10.3 OpenGLCourseApp_Model.zip\OpenGLCourseApp\OpenGLCourseApp\Shader.cpp(200,42): warning C4244: 'argument': conversion from 'GLuint' to 'GLfloat', possible loss of data
D:\Videos\Courses\[FreeCourseLab.com] Udemy - Computer Graphics with Modern OpenGL and C++\4. Intermediate\10.3 OpenGLCourseApp_Model.zip\OpenGLCourseApp\OpenGLCourseApp\Shader.cpp(259,36): warning C4267: '=': conversion from 'size_t' to 'GLint', possible loss of data
  SpotLight.cpp
  Texture.cpp
  Window.cpp
D:\Videos\Courses\[FreeCourseLab.com] Udemy - Computer Graphics with Modern OpenGL and C++\4. Intermediate\10.3 OpenGLCourseApp_Model.zip\OpenGLCourseApp\OpenGLCourseApp\Window.cpp(130,22): warning C4244: '=': conversion from 'double' to 'GLfloat', possible loss of data
D:\Videos\Courses\[FreeCourseLab.com] Udemy - Computer Graphics with Modern OpenGL and C++\4. Intermediate\10.3 OpenGLCourseApp_Model.zip\OpenGLCourseApp\OpenGLCourseApp\Window.cpp(131,22): warning C4244: '=': conversion from 'double' to 'GLfloat', possible loss of data
D:\Videos\Courses\[FreeCourseLab.com] Udemy - Computer Graphics with Modern OpenGL and C++\4. Intermediate\10.3 OpenGLCourseApp_Model.zip\OpenGLCourseApp\OpenGLCourseApp\Window.cpp(135,28): warning C4244: '=': conversion from 'double' to 'GLfloat', possible loss of data
D:\Videos\Courses\[FreeCourseLab.com] Udemy - Computer Graphics with Modern OpenGL and C++\4. Intermediate\10.3 OpenGLCourseApp_Model.zip\OpenGLCourseApp\OpenGLCourseApp\Window.cpp(136,40): warning C4244: '=': conversion from 'double' to 'GLfloat', possible loss of data
D:\Videos\Courses\[FreeCourseLab.com] Udemy - Computer Graphics with Modern OpenGL and C++\4. Intermediate\10.3 OpenGLCourseApp_Model.zip\OpenGLCourseApp\OpenGLCourseApp\Window.cpp(138,21): warning C4244: '=': conversion from 'double' to 'GLfloat', possible loss of data
D:\Videos\Courses\[FreeCourseLab.com] Udemy - Computer Graphics with Modern OpenGL and C++\4. Intermediate\10.3 OpenGLCourseApp_Model.zip\OpenGLCourseApp\OpenGLCourseApp\Window.cpp(139,21): warning C4244: '=': conversion from 'double' to 'GLfloat', possible loss of data
  Generating code
  Previous IPDB not found, fall back to full compilation.
D:\Videos\Courses\[FreeCourseLab.com] Udemy - Computer Graphics with Modern OpenGL and C++\4. Intermediate\10.3 OpenGLCourseApp_Model.zip\OpenGLCourseApp\OpenGLCourseApp\Window.cpp(80): warning C4715: 'Window::Initialise': not all control paths return a value
  All 750 functions were compiled because no usable IPDB/IOBJ from previous compilation was found.
  Finished generating code
  OpenGLCourseApp.vcxproj -> D:\Videos\Courses\[FreeCourseLab.com] Udemy - Computer Graphics with Modern OpenGL and C++\4. Intermediate\10.3 OpenGLCourseApp_Model.zip\OpenGLCourseApp\x64\Release\OpenGLCourseApp.exe
