d:\videos\courses\[freecourselab.com] udemy - computer graphics with modern opengl and c++\4. intermediate\10.3 openglcourseapp_model.zip\openglcourseapp\openglcourseapp\x64\release\vc142.pdb
d:\videos\courses\[freecourselab.com] udemy - computer graphics with modern opengl and c++\4. intermediate\10.3 openglcourseapp_model.zip\openglcourseapp\openglcourseapp\x64\release\window.obj
d:\videos\courses\[freecourselab.com] udemy - computer graphics with modern opengl and c++\4. intermediate\10.3 openglcourseapp_model.zip\openglcourseapp\openglcourseapp\x64\release\texture.obj
d:\videos\courses\[freecourselab.com] udemy - computer graphics with modern opengl and c++\4. intermediate\10.3 openglcourseapp_model.zip\openglcourseapp\openglcourseapp\x64\release\spotlight.obj
d:\videos\courses\[freecourselab.com] udemy - computer graphics with modern opengl and c++\4. intermediate\10.3 openglcourseapp_model.zip\openglcourseapp\openglcourseapp\x64\release\shader.obj
d:\videos\courses\[freecourselab.com] udemy - computer graphics with modern opengl and c++\4. intermediate\10.3 openglcourseapp_model.zip\openglcourseapp\openglcourseapp\x64\release\pointlight.obj
d:\videos\courses\[freecourselab.com] udemy - computer graphics with modern opengl and c++\4. intermediate\10.3 openglcourseapp_model.zip\openglcourseapp\openglcourseapp\x64\release\model.obj
d:\videos\courses\[freecourselab.com] udemy - computer graphics with modern opengl and c++\4. intermediate\10.3 openglcourseapp_model.zip\openglcourseapp\openglcourseapp\x64\release\mesh.obj
d:\videos\courses\[freecourselab.com] udemy - computer graphics with modern opengl and c++\4. intermediate\10.3 openglcourseapp_model.zip\openglcourseapp\openglcourseapp\x64\release\material.obj
d:\videos\courses\[freecourselab.com] udemy - computer graphics with modern opengl and c++\4. intermediate\10.3 openglcourseapp_model.zip\openglcourseapp\openglcourseapp\x64\release\main.obj
d:\videos\courses\[freecourselab.com] udemy - computer graphics with modern opengl and c++\4. intermediate\10.3 openglcourseapp_model.zip\openglcourseapp\openglcourseapp\x64\release\light.obj
d:\videos\courses\[freecourselab.com] udemy - computer graphics with modern opengl and c++\4. intermediate\10.3 openglcourseapp_model.zip\openglcourseapp\openglcourseapp\x64\release\directionallight.obj
d:\videos\courses\[freecourselab.com] udemy - computer graphics with modern opengl and c++\4. intermediate\10.3 openglcourseapp_model.zip\openglcourseapp\openglcourseapp\x64\release\camera.obj
d:\videos\courses\[freecourselab.com] udemy - computer graphics with modern opengl and c++\4. intermediate\10.3 openglcourseapp_model.zip\openglcourseapp\x64\release\openglcourseapp.exe
d:\videos\courses\[freecourselab.com] udemy - computer graphics with modern opengl and c++\4. intermediate\10.3 openglcourseapp_model.zip\openglcourseapp\x64\release\openglcourseapp.pdb
d:\videos\courses\[freecourselab.com] udemy - computer graphics with modern opengl and c++\4. intermediate\10.3 openglcourseapp_model.zip\openglcourseapp\x64\release\openglcourseapp.ipdb
d:\videos\courses\[freecourselab.com] udemy - computer graphics with modern opengl and c++\4. intermediate\10.3 openglcourseapp_model.zip\openglcourseapp\x64\release\openglcourseapp.iobj
d:\videos\courses\[freecourselab.com] udemy - computer graphics with modern opengl and c++\4. intermediate\10.3 openglcourseapp_model.zip\openglcourseapp\openglcourseapp\x64\release\openglcourseapp.tlog\cl.command.1.tlog
d:\videos\courses\[freecourselab.com] udemy - computer graphics with modern opengl and c++\4. intermediate\10.3 openglcourseapp_model.zip\openglcourseapp\openglcourseapp\x64\release\openglcourseapp.tlog\cl.read.1.tlog
d:\videos\courses\[freecourselab.com] udemy - computer graphics with modern opengl and c++\4. intermediate\10.3 openglcourseapp_model.zip\openglcourseapp\openglcourseapp\x64\release\openglcourseapp.tlog\cl.write.1.tlog
d:\videos\courses\[freecourselab.com] udemy - computer graphics with modern opengl and c++\4. intermediate\10.3 openglcourseapp_model.zip\openglcourseapp\openglcourseapp\x64\release\openglcourseapp.tlog\link.command.1.tlog
d:\videos\courses\[freecourselab.com] udemy - computer graphics with modern opengl and c++\4. intermediate\10.3 openglcourseapp_model.zip\openglcourseapp\openglcourseapp\x64\release\openglcourseapp.tlog\link.read.1.tlog
d:\videos\courses\[freecourselab.com] udemy - computer graphics with modern opengl and c++\4. intermediate\10.3 openglcourseapp_model.zip\openglcourseapp\openglcourseapp\x64\release\openglcourseapp.tlog\link.write.1.tlog
d:\videos\courses\[freecourselab.com] udemy - computer graphics with modern opengl and c++\4. intermediate\10.3 openglcourseapp_model.zip\openglcourseapp\openglcourseapp\x64\release\openglcourseapp.tlog\openglcourseapp.write.1u.tlog
