  Camera.cpp
  DirectionalLight.cpp
D:\Documents\Coding\OpenGLCourseApp\OpenGLCourseApp\DirectionalLight.cpp(18,14): warning C4244: 'argument': conversion from 'GLfloat' to 'GLint', possible loss of data
D:\Documents\Coding\OpenGLCourseApp\OpenGLCourseApp\DirectionalLight.cpp(19,14): warning C4244: 'argument': conversion from 'GLfloat' to 'GLint', possible loss of data
D:\Documents\Coding\OpenGLCourseApp\OpenGLCourseApp\DirectionalLight.cpp(21,14): warning C4244: 'argument': conversion from 'GLfloat' to 'GLint', possible loss of data
D:\Documents\Coding\OpenGLCourseApp\OpenGLCourseApp\DirectionalLight.cpp(22,14): warning C4244: 'argument': conversion from 'GLfloat' to 'GLint', possible loss of data
  Light.cpp
  main.cpp
D:\Documents\Coding\OpenGLCourseApp\OpenGLCourseApp\main.cpp(203,15): warning C4244: 'initializing': conversion from 'double' to 'GLfloat', possible loss of data
  Material.cpp
  Mesh.cpp
  Model.cpp
D:\Documents\Coding\OpenGLCourseApp\OpenGLCourseApp\Model.cpp(29,10): warning C4477: 'printf' : format string '%s' requires an argument of type 'char *', but variadic argument 1 has type 'const std::string'
D:\Documents\Coding\OpenGLCourseApp\OpenGLCourseApp\Model.cpp(108,13): warning C4477: 'printf' : format string '%s' requires an argument of type 'char *', but variadic argument 1 has type 'std::string'
D:\Documents\Coding\OpenGLCourseApp\External Libs\ASSIMP\include\assimp\quaternion.inl(207,15): warning C4244: '=': conversion from 'double' to 'TReal', possible loss of data
          with
          [
              TReal=float
          ]
D:\Documents\Coding\OpenGLCourseApp\External Libs\ASSIMP\include\assimp\quaternion.inl(186): message : while compiling class template member function 'void aiQuaterniont<float>::Interpolate(aiQuaterniont<float> &,const aiQuaterniont<float> &,const aiQuaterniont<float> &,TReal)'
          with
          [
              TReal=float
          ]
D:\Documents\Coding\OpenGLCourseApp\External Libs\ASSIMP\include\assimp\anim.h(435): message : see reference to function template instantiation 'void aiQuaterniont<float>::Interpolate(aiQuaterniont<float> &,const aiQuaterniont<float> &,const aiQuaterniont<float> &,TReal)' being compiled
          with
          [
              TReal=float
          ]
D:\Documents\Coding\OpenGLCourseApp\External Libs\ASSIMP\include\assimp\anim.h(107): message : see reference to class template instantiation 'aiQuaterniont<float>' being compiled
D:\Documents\Coding\OpenGLCourseApp\External Libs\ASSIMP\include\assimp\quaternion.inl(208,14): warning C4244: '=': conversion from 'double' to 'TReal', possible loss of data
          with
          [
              TReal=float
          ]
D:\Documents\Coding\OpenGLCourseApp\External Libs\ASSIMP\include\assimp\quaternion.inl(209,61): warning C4244: '=': conversion from 'double' to 'TReal', possible loss of data
          with
          [
              TReal=float
          ]
D:\Documents\Coding\OpenGLCourseApp\External Libs\ASSIMP\include\assimp\quaternion.inl(210,33): warning C4244: '=': conversion from 'double' to 'TReal', possible loss of data
          with
          [
              TReal=float
          ]
D:\Documents\Coding\OpenGLCourseApp\External Libs\ASSIMP\include\assimp\vector3.inl(93,13): warning C4244: 'return': conversion from 'double' to 'TReal', possible loss of data
          with
          [
              TReal=float
          ]
D:\Documents\Coding\OpenGLCourseApp\External Libs\ASSIMP\include\assimp\vector3.inl(92): message : while compiling class template member function 'TReal aiVector3t<TReal>::Length(void) const'
          with
          [
              TReal=float
          ]
D:\Documents\Coding\OpenGLCourseApp\External Libs\ASSIMP\include\assimp\vector3.inl(98): message : see reference to function template instantiation 'TReal aiVector3t<TReal>::Length(void) const' being compiled
          with
          [
              TReal=float
          ]
D:\Documents\Coding\OpenGLCourseApp\External Libs\ASSIMP\include\assimp\vector3.inl(142): message : while compiling class template member function 'bool aiVector3t<float>::operator ==(const aiVector3t<float> &) const'
D:\Documents\Coding\OpenGLCourseApp\External Libs\ASSIMP\include\assimp\anim.h(82): message : see reference to function template instantiation 'bool aiVector3t<float>::operator ==(const aiVector3t<float> &) const' being compiled
D:\Documents\Coding\OpenGLCourseApp\External Libs\ASSIMP\include\assimp\types.h(150): message : see reference to class template instantiation 'aiVector3t<float>' being compiled
  PointLight.cpp
  Shader.cpp
D:\Documents\Coding\OpenGLCourseApp\OpenGLCourseApp\Shader.cpp(201,75): warning C4244: 'argument': conversion from 'GLuint' to 'GLfloat', possible loss of data
D:\Documents\Coding\OpenGLCourseApp\OpenGLCourseApp\Shader.cpp(201,26): warning C4244: 'argument': conversion from 'GLuint' to 'GLfloat', possible loss of data
D:\Documents\Coding\OpenGLCourseApp\OpenGLCourseApp\Shader.cpp(200,91): warning C4244: 'argument': conversion from 'GLuint' to 'GLfloat', possible loss of data
D:\Documents\Coding\OpenGLCourseApp\OpenGLCourseApp\Shader.cpp(200,42): warning C4244: 'argument': conversion from 'GLuint' to 'GLfloat', possible loss of data
  SpotLight.cpp
  Texture.cpp
  Window.cpp
D:\Documents\Coding\OpenGLCourseApp\OpenGLCourseApp\Window.cpp(130,22): warning C4244: '=': conversion from 'double' to 'GLfloat', possible loss of data
D:\Documents\Coding\OpenGLCourseApp\OpenGLCourseApp\Window.cpp(131,22): warning C4244: '=': conversion from 'double' to 'GLfloat', possible loss of data
D:\Documents\Coding\OpenGLCourseApp\OpenGLCourseApp\Window.cpp(135,28): warning C4244: '=': conversion from 'double' to 'GLfloat', possible loss of data
D:\Documents\Coding\OpenGLCourseApp\OpenGLCourseApp\Window.cpp(136,40): warning C4244: '=': conversion from 'double' to 'GLfloat', possible loss of data
D:\Documents\Coding\OpenGLCourseApp\OpenGLCourseApp\Window.cpp(138,21): warning C4244: '=': conversion from 'double' to 'GLfloat', possible loss of data
D:\Documents\Coding\OpenGLCourseApp\OpenGLCourseApp\Window.cpp(139,21): warning C4244: '=': conversion from 'double' to 'GLfloat', possible loss of data
  Generating Code...
D:\Documents\Coding\OpenGLCourseApp\OpenGLCourseApp\Window.cpp(80): warning C4715: 'Window::Initialise': not all control paths return a value
LINK : fatal error LNK1104: cannot open file 'assimp-vc140-mt.lib'
